09:31:24.225 [main] INFO  testCases.TC_008_EndToEndTest - *** End To End Test Case start ***
09:31:24.301 [main] INFO  testCases.TC_008_EndToEndTest - click on my account button
09:31:26.312 [main] INFO  testCases.TC_008_EndToEndTest - click on register button
09:31:27.816 [main] INFO  testCases.TC_008_EndToEndTest - Give the personal details
09:31:31.144 [main] INFO  testCases.TC_008_EndToEndTest - click on continue button
09:31:31.194 [main] INFO  testCases.TC_008_EndToEndTest - Successfull registration is verified
09:31:33.125 [main] INFO  testCases.TC_008_EndToEndTest - click on logout button
09:31:33.513 [main] INFO  testCases.TC_008_EndToEndTest - click on login button
09:31:33.727 [main] INFO  testCases.TC_008_EndToEndTest - email add & password is enter
09:31:34.009 [main] INFO  testCases.TC_008_EndToEndTest - click on login button
09:31:35.909 [main] INFO  testCases.TC_008_EndToEndTest - click on home button
09:31:35.981 [main] INFO  testCases.TC_008_EndToEndTest - serch the product
09:31:36.498 [main] INFO  testCases.TC_008_EndToEndTest - click on search button
09:31:39.208 [main] INFO  testCases.TC_008_EndToEndTest - click on the searched product
09:31:39.347 [main] INFO  testCases.TC_008_EndToEndTest - update the cart value
09:31:39.417 [main] INFO  testCases.TC_008_EndToEndTest - click on add to cart button
09:31:40.966 [main] INFO  testCases.TC_008_EndToEndTest - cnf meassage is verify
09:31:42.450 [main] INFO  testCases.TC_008_EndToEndTest - click on view cart button
09:31:45.298 [main] INFO  testCases.TC_008_EndToEndTest - verify the amount in shopping cart page
09:31:47.259 [main] INFO  testCases.TC_008_EndToEndTest - verify the title of the checkout page
09:31:55.955 [main] INFO  testCases.TC_008_EndToEndTest - Enter new address
09:31:56.985 [main] INFO  testCases.TC_008_EndToEndTest - actual confirm message is compare to expected confirm message
09:32:00.410 [main] INFO  testCases.TC_008_EndToEndTest - clik on Continue button for home page
09:32:00.410 [main] INFO  testCases.TC_008_EndToEndTest - *** End To End Test Case finished ***
12:47:06.319 [main] INFO  testCases.TC_001_AccountRegistrationTest - Test Case Started
12:47:06.719 [main] INFO  testCases.TC_001_AccountRegistrationTest - click on my account
12:47:07.501 [main] INFO  testCases.TC_001_AccountRegistrationTest - click on registerLink
12:47:07.502 [main] INFO  testCases.TC_001_AccountRegistrationTest - provide customer data
12:47:08.630 [main] INFO  testCases.TC_001_AccountRegistrationTest - click on newsletters Yes
12:47:08.790 [main] INFO  testCases.TC_001_AccountRegistrationTest - click on agree
12:47:11.466 [main] INFO  testCases.TC_001_AccountRegistrationTest - click on continue
12:47:11.510 [main] INFO  testCases.TC_001_AccountRegistrationTest - test_Account_Registration is completed
12:47:14.649 [main] INFO  testCases.TC_002_LoginTest - **** login test start***
12:47:14.876 [main] INFO  testCases.TC_002_LoginTest - click on my account link
12:47:15.494 [main] INFO  testCases.TC_002_LoginTest - click on login link
12:47:15.707 [main] INFO  testCases.TC_002_LoginTest - enter email id
12:47:15.872 [main] INFO  testCases.TC_002_LoginTest - enter password
12:47:16.412 [main] INFO  testCases.TC_002_LoginTest - click on login button
12:47:16.476 [main] INFO  testCases.TC_002_LoginTest - got the actual msg
12:47:16.477 [main] INFO  testCases.TC_002_LoginTest - comparision
12:47:16.477 [main] INFO  testCases.TC_002_LoginTest - **** login test finished***
12:47:19.396 [main] INFO  testCases.TC_004_SearchProductTest - *** Search Product test case is start ***
12:47:19.647 [main] INFO  testCases.TC_004_SearchProductTest - Product is type in the search box
12:47:20.587 [main] INFO  testCases.TC_004_SearchProductTest - click on search button
12:47:23.656 [main] INFO  testCases.TC_004_SearchProductTest - Verify the search product in result section 
12:47:23.656 [main] INFO  testCases.TC_004_SearchProductTest - *** Search Product test case is finished ***
12:47:27.113 [main] INFO  testCases.TC_005_AddToCartPageTest - *** Add To Cart Test Case Start ***
12:47:27.220 [main] INFO  testCases.TC_005_AddToCartPageTest - Search the product
12:47:28.059 [main] INFO  testCases.TC_005_AddToCartPageTest - clik on search button
12:47:28.642 [main] INFO  testCases.TC_005_AddToCartPageTest - clik on searched product
12:47:30.843 [main] INFO  testCases.TC_005_AddToCartPageTest - Update the cart value
12:47:31.016 [main] INFO  testCases.TC_005_AddToCartPageTest - clik on Add to cart button
12:47:33.050 [main] INFO  testCases.TC_005_AddToCartPageTest - Confirmation message is compare to expected message
12:47:33.050 [main] INFO  testCases.TC_005_AddToCartPageTest - *** Add To Cart Test Case finish ***
12:47:36.885 [main] INFO  testCases.TC_006_ShoppingCartTest - *** verifyCheckoutPage Test Case Start ***
12:47:38.091 [main] INFO  testCases.TC_006_ShoppingCartTest - enter email id
12:47:38.269 [main] INFO  testCases.TC_006_ShoppingCartTest - enter password
12:47:39.084 [main] INFO  testCases.TC_006_ShoppingCartTest - click on login button
12:47:39.770 [main] INFO  testCases.TC_006_ShoppingCartTest - Search the product
12:47:40.743 [main] INFO  testCases.TC_006_ShoppingCartTest - clik on search button
12:47:41.627 [main] INFO  testCases.TC_006_ShoppingCartTest - clik on searched product
12:47:42.770 [main] INFO  testCases.TC_006_ShoppingCartTest - Update the cart value
12:47:42.837 [main] INFO  testCases.TC_006_ShoppingCartTest - clik on Add to cart button
12:47:43.871 [main] INFO  testCases.TC_006_ShoppingCartTest - Confirmation message is compare to expected message
12:47:46.399 [main] INFO  testCases.TC_006_ShoppingCartTest - clik on cart button
12:47:49.475 [main] INFO  testCases.TC_006_ShoppingCartTest - actual product amount is compare to expected product amount
12:47:51.005 [main] INFO  testCases.TC_006_ShoppingCartTest - actual title is compare to expected title
12:47:51.005 [main] INFO  testCases.TC_006_ShoppingCartTest - *** verifyCheckoutPage Test Case finish ***
12:47:53.874 [main] INFO  testCases.TC_007_CheckoutTest - *** verifyCheckoutPage Test Case Start ***
12:47:55.076 [main] INFO  testCases.TC_007_CheckoutTest - enter email id
12:47:55.198 [main] INFO  testCases.TC_007_CheckoutTest - enter password
12:47:55.864 [main] INFO  testCases.TC_007_CheckoutTest - click on login button
12:47:56.438 [main] INFO  testCases.TC_007_CheckoutTest - Search the product
12:47:56.978 [main] INFO  testCases.TC_007_CheckoutTest - clik on search button
12:47:57.678 [main] INFO  testCases.TC_007_CheckoutTest - clik on searched product
12:47:58.819 [main] INFO  testCases.TC_007_CheckoutTest - Update the cart value
12:47:58.894 [main] INFO  testCases.TC_007_CheckoutTest - clik on Add to cart button
12:47:59.965 [main] INFO  testCases.TC_007_CheckoutTest - Confirmation message is compare to expected message
12:48:02.454 [main] INFO  testCases.TC_007_CheckoutTest - clik on cart button
12:48:05.478 [main] INFO  testCases.TC_007_CheckoutTest - clik on Estimate Shipping & Taxes
12:48:06.029 [main] INFO  testCases.TC_007_CheckoutTest - actual product amount is compare to expected product amount
12:48:07.523 [main] INFO  testCases.TC_007_CheckoutTest - actual title is compare to expected title
12:48:15.574 [main] INFO  testCases.TC_007_CheckoutTest - clik on Continue button checkout pages
12:48:17.118 [main] INFO  testCases.TC_007_CheckoutTest - actual confirm message is compare to expected confirm message
12:48:20.017 [main] INFO  testCases.TC_007_CheckoutTest - clik on Continue button for home page
12:48:20.018 [main] INFO  testCases.TC_007_CheckoutTest - *** verifyCheckoutPage Test Case finish ***
12:48:23.351 [main] INFO  testCases.TC_008_EndToEndTest - *** End To End Test Case start ***
12:48:23.505 [main] INFO  testCases.TC_008_EndToEndTest - click on my account button
12:48:25.425 [main] INFO  testCases.TC_008_EndToEndTest - click on register button
12:48:26.926 [main] INFO  testCases.TC_008_EndToEndTest - Give the personal details
12:48:30.458 [main] INFO  testCases.TC_008_EndToEndTest - click on continue button
12:48:30.502 [main] INFO  testCases.TC_008_EndToEndTest - Successfull registration is verified
12:48:32.412 [main] INFO  testCases.TC_008_EndToEndTest - click on logout button
12:48:32.964 [main] INFO  testCases.TC_008_EndToEndTest - click on login button
12:48:33.231 [main] INFO  testCases.TC_008_EndToEndTest - email add & password is enter
12:48:33.635 [main] INFO  testCases.TC_008_EndToEndTest - click on login button
12:48:35.529 [main] INFO  testCases.TC_008_EndToEndTest - click on home button
12:48:35.614 [main] INFO  testCases.TC_008_EndToEndTest - serch the product
12:48:36.173 [main] INFO  testCases.TC_008_EndToEndTest - click on search button
12:48:38.097 [main] INFO  testCases.TC_008_EndToEndTest - click on the searched product
12:48:38.267 [main] INFO  testCases.TC_008_EndToEndTest - update the cart value
12:48:38.342 [main] INFO  testCases.TC_008_EndToEndTest - click on add to cart button
12:48:39.876 [main] INFO  testCases.TC_008_EndToEndTest - cnf meassage is verify
12:48:41.363 [main] INFO  testCases.TC_008_EndToEndTest - click on view cart button
12:48:44.208 [main] INFO  testCases.TC_008_EndToEndTest - verify the amount in shopping cart page
12:48:46.084 [main] INFO  testCases.TC_008_EndToEndTest - verify the title of the checkout page
12:48:54.785 [main] INFO  testCases.TC_008_EndToEndTest - Enter new address
12:48:55.815 [main] INFO  testCases.TC_008_EndToEndTest - actual confirm message is compare to expected confirm message
12:48:59.238 [main] INFO  testCases.TC_008_EndToEndTest - clik on Continue button for home page
12:48:59.238 [main] INFO  testCases.TC_008_EndToEndTest - *** End To End Test Case finished ***
22:06:11.459 [main] INFO  testCases.TC_001_AccountRegistrationTest - Test Case Started
22:06:11.627 [main] INFO  testCases.TC_001_AccountRegistrationTest - click on my account
22:06:12.669 [main] INFO  testCases.TC_001_AccountRegistrationTest - click on registerLink
22:06:12.675 [main] INFO  testCases.TC_001_AccountRegistrationTest - provide customer data
22:06:13.333 [main] INFO  testCases.TC_001_AccountRegistrationTest - click on newsletters Yes
22:06:13.405 [main] INFO  testCases.TC_001_AccountRegistrationTest - click on agree
22:06:16.606 [main] INFO  testCases.TC_001_AccountRegistrationTest - click on continue
22:06:16.723 [main] INFO  testCases.TC_001_AccountRegistrationTest - test_Account_Registration is completed
22:06:20.672 [main] INFO  testCases.TC_002_LoginTest - **** login test start***
22:06:20.777 [main] INFO  testCases.TC_002_LoginTest - click on my account link
22:06:21.158 [main] INFO  testCases.TC_002_LoginTest - click on login link
22:06:21.310 [main] INFO  testCases.TC_002_LoginTest - enter email id
22:06:21.401 [main] INFO  testCases.TC_002_LoginTest - enter password
22:06:21.719 [main] INFO  testCases.TC_002_LoginTest - click on login button
22:06:21.777 [main] INFO  testCases.TC_002_LoginTest - got the actual msg
22:06:21.777 [main] INFO  testCases.TC_002_LoginTest - comparision
22:06:21.777 [main] INFO  testCases.TC_002_LoginTest - **** login test finished***
22:06:24.355 [main] INFO  testCases.TC_004_SearchProductTest - *** Search Product test case is start ***
22:06:24.447 [main] INFO  testCases.TC_004_SearchProductTest - Product is type in the search box
22:06:25.058 [main] INFO  testCases.TC_004_SearchProductTest - click on search button
22:06:28.138 [main] INFO  testCases.TC_004_SearchProductTest - Verify the search product in result section 
22:06:28.138 [main] INFO  testCases.TC_004_SearchProductTest - *** Search Product test case is finished ***
22:06:30.798 [main] INFO  testCases.TC_005_AddToCartPageTest - *** Add To Cart Test Case Start ***
22:06:30.891 [main] INFO  testCases.TC_005_AddToCartPageTest - Search the product
22:06:31.458 [main] INFO  testCases.TC_005_AddToCartPageTest - clik on search button
22:06:32.854 [main] INFO  testCases.TC_005_AddToCartPageTest - clik on searched product
22:06:34.991 [main] INFO  testCases.TC_005_AddToCartPageTest - Update the cart value
22:06:35.059 [main] INFO  testCases.TC_005_AddToCartPageTest - clik on Add to cart button
22:06:37.155 [main] INFO  testCases.TC_005_AddToCartPageTest - Confirmation message is compare to expected message
22:06:37.156 [main] INFO  testCases.TC_005_AddToCartPageTest - *** Add To Cart Test Case finish ***
22:06:41.307 [main] INFO  testCases.TC_006_ShoppingCartTest - *** verifyCheckoutPage Test Case Start ***
22:06:41.930 [main] INFO  testCases.TC_006_ShoppingCartTest - enter email id
22:06:42.040 [main] INFO  testCases.TC_006_ShoppingCartTest - enter password
22:06:42.381 [main] INFO  testCases.TC_006_ShoppingCartTest - click on login button
22:06:42.765 [main] INFO  testCases.TC_006_ShoppingCartTest - Search the product
22:06:43.228 [main] INFO  testCases.TC_006_ShoppingCartTest - clik on search button
22:06:44.237 [main] INFO  testCases.TC_006_ShoppingCartTest - clik on searched product
22:06:45.361 [main] INFO  testCases.TC_006_ShoppingCartTest - Update the cart value
22:06:45.427 [main] INFO  testCases.TC_006_ShoppingCartTest - clik on Add to cart button
22:06:46.475 [main] INFO  testCases.TC_006_ShoppingCartTest - Confirmation message is compare to expected message
22:06:49.231 [main] INFO  testCases.TC_006_ShoppingCartTest - clik on cart button
22:06:51.945 [main] INFO  testCases.TC_006_ShoppingCartTest - actual product amount is compare to expected product amount
22:06:53.373 [main] INFO  testCases.TC_006_ShoppingCartTest - actual title is compare to expected title
22:06:53.373 [main] INFO  testCases.TC_006_ShoppingCartTest - *** verifyCheckoutPage Test Case finish ***
22:06:56.876 [main] INFO  testCases.TC_007_CheckoutTest - *** verifyCheckoutPage Test Case Start ***
22:06:57.433 [main] INFO  testCases.TC_007_CheckoutTest - enter email id
22:06:57.526 [main] INFO  testCases.TC_007_CheckoutTest - enter password
22:06:57.866 [main] INFO  testCases.TC_007_CheckoutTest - click on login button
22:06:58.254 [main] INFO  testCases.TC_007_CheckoutTest - Search the product
22:06:58.736 [main] INFO  testCases.TC_007_CheckoutTest - clik on search button
22:06:59.608 [main] INFO  testCases.TC_007_CheckoutTest - clik on searched product
22:07:00.754 [main] INFO  testCases.TC_007_CheckoutTest - Update the cart value
22:07:00.818 [main] INFO  testCases.TC_007_CheckoutTest - clik on Add to cart button
22:07:01.855 [main] INFO  testCases.TC_007_CheckoutTest - Confirmation message is compare to expected message
22:07:04.315 [main] INFO  testCases.TC_007_CheckoutTest - clik on cart button
22:07:06.978 [main] INFO  testCases.TC_007_CheckoutTest - clik on Estimate Shipping & Taxes
22:07:07.534 [main] INFO  testCases.TC_007_CheckoutTest - actual product amount is compare to expected product amount
22:07:08.878 [main] INFO  testCases.TC_007_CheckoutTest - actual title is compare to expected title
22:07:16.941 [main] INFO  testCases.TC_007_CheckoutTest - clik on Continue button checkout pages
22:07:18.479 [main] INFO  testCases.TC_007_CheckoutTest - actual confirm message is compare to expected confirm message
22:07:21.379 [main] INFO  testCases.TC_007_CheckoutTest - clik on Continue button for home page
22:07:21.379 [main] INFO  testCases.TC_007_CheckoutTest - *** verifyCheckoutPage Test Case finish ***
22:07:24.642 [main] INFO  testCases.TC_008_EndToEndTest - *** End To End Test Case start ***
22:07:24.725 [main] INFO  testCases.TC_008_EndToEndTest - click on my account button
22:07:26.634 [main] INFO  testCases.TC_008_EndToEndTest - click on register button
22:07:28.146 [main] INFO  testCases.TC_008_EndToEndTest - Give the personal details
22:07:31.182 [main] INFO  testCases.TC_008_EndToEndTest - click on continue button
22:07:31.232 [main] INFO  testCases.TC_008_EndToEndTest - Successfull registration is verified
22:07:33.099 [main] INFO  testCases.TC_008_EndToEndTest - click on logout button
22:07:33.448 [main] INFO  testCases.TC_008_EndToEndTest - click on login button
22:07:33.631 [main] INFO  testCases.TC_008_EndToEndTest - email add & password is enter
22:07:33.904 [main] INFO  testCases.TC_008_EndToEndTest - click on login button
22:07:35.771 [main] INFO  testCases.TC_008_EndToEndTest - click on home button
22:07:35.842 [main] INFO  testCases.TC_008_EndToEndTest - serch the product
22:07:36.356 [main] INFO  testCases.TC_008_EndToEndTest - click on search button
22:07:38.937 [main] INFO  testCases.TC_008_EndToEndTest - click on the searched product
22:07:39.055 [main] INFO  testCases.TC_008_EndToEndTest - update the cart value
22:07:39.132 [main] INFO  testCases.TC_008_EndToEndTest - click on add to cart button
22:07:40.678 [main] INFO  testCases.TC_008_EndToEndTest - cnf meassage is verify
22:07:42.226 [main] INFO  testCases.TC_008_EndToEndTest - click on view cart button
22:07:45.059 [main] INFO  testCases.TC_008_EndToEndTest - verify the amount in shopping cart page
22:07:46.890 [main] INFO  testCases.TC_008_EndToEndTest - verify the title of the checkout page
22:07:55.475 [main] INFO  testCases.TC_008_EndToEndTest - Enter new address
22:07:56.500 [main] INFO  testCases.TC_008_EndToEndTest - actual confirm message is compare to expected confirm message
22:07:59.866 [main] INFO  testCases.TC_008_EndToEndTest - clik on Continue button for home page
22:07:59.866 [main] INFO  testCases.TC_008_EndToEndTest - *** End To End Test Case finished ***
23:39:43.647 [main] INFO  testCases.TC_001_AccountRegistrationTest - Test Case Started
23:39:43.789 [main] INFO  testCases.TC_001_AccountRegistrationTest - click on my account
23:39:44.389 [main] INFO  testCases.TC_001_AccountRegistrationTest - click on registerLink
23:39:44.390 [main] INFO  testCases.TC_001_AccountRegistrationTest - provide customer data
23:39:45.373 [main] INFO  testCases.TC_001_AccountRegistrationTest - click on newsletters Yes
23:39:45.450 [main] INFO  testCases.TC_001_AccountRegistrationTest - click on agree
23:39:47.920 [main] INFO  testCases.TC_001_AccountRegistrationTest - click on continue
23:39:47.973 [main] INFO  testCases.TC_001_AccountRegistrationTest - test_Account_Registration is completed
23:39:51.694 [main] INFO  testCases.TC_002_LoginTest - **** login test start***
23:39:51.882 [main] INFO  testCases.TC_002_LoginTest - click on my account link
23:39:52.397 [main] INFO  testCases.TC_002_LoginTest - click on login link
23:39:52.583 [main] INFO  testCases.TC_002_LoginTest - enter email id
23:39:52.810 [main] INFO  testCases.TC_002_LoginTest - enter password
23:39:53.384 [main] INFO  testCases.TC_002_LoginTest - click on login button
23:39:53.434 [main] INFO  testCases.TC_002_LoginTest - got the actual msg
23:39:53.434 [main] INFO  testCases.TC_002_LoginTest - comparision
23:39:53.435 [main] INFO  testCases.TC_002_LoginTest - **** login test finished***
23:39:57.196 [main] INFO  testCases.TC_004_SearchProductTest - *** Search Product test case is start ***
23:39:57.348 [main] INFO  testCases.TC_004_SearchProductTest - Product is type in the search box
23:39:58.269 [main] INFO  testCases.TC_004_SearchProductTest - click on search button
23:40:01.460 [main] INFO  testCases.TC_004_SearchProductTest - Verify the search product in result section 
23:40:01.460 [main] INFO  testCases.TC_004_SearchProductTest - *** Search Product test case is finished ***
23:40:05.149 [main] INFO  testCases.TC_005_AddToCartPageTest - *** Add To Cart Test Case Start ***
23:40:05.267 [main] INFO  testCases.TC_005_AddToCartPageTest - Search the product
23:40:06.133 [main] INFO  testCases.TC_005_AddToCartPageTest - clik on search button
23:40:07.185 [main] INFO  testCases.TC_005_AddToCartPageTest - clik on searched product
23:40:09.353 [main] INFO  testCases.TC_005_AddToCartPageTest - Update the cart value
23:40:09.470 [main] INFO  testCases.TC_005_AddToCartPageTest - clik on Add to cart button
23:40:11.517 [main] INFO  testCases.TC_005_AddToCartPageTest - Confirmation message is compare to expected message
23:40:11.517 [main] INFO  testCases.TC_005_AddToCartPageTest - *** Add To Cart Test Case finish ***
23:40:16.073 [main] INFO  testCases.TC_006_ShoppingCartTest - *** verifyCheckoutPage Test Case Start ***
23:40:16.872 [main] INFO  testCases.TC_006_ShoppingCartTest - enter email id
23:40:17.008 [main] INFO  testCases.TC_006_ShoppingCartTest - enter password
23:40:17.609 [main] INFO  testCases.TC_006_ShoppingCartTest - click on login button
23:40:18.079 [main] INFO  testCases.TC_006_ShoppingCartTest - Search the product
23:40:18.624 [main] INFO  testCases.TC_006_ShoppingCartTest - clik on search button
23:40:19.911 [main] INFO  testCases.TC_006_ShoppingCartTest - clik on searched product
23:40:21.062 [main] INFO  testCases.TC_006_ShoppingCartTest - Update the cart value
23:40:21.143 [main] INFO  testCases.TC_006_ShoppingCartTest - clik on Add to cart button
23:40:22.188 [main] INFO  testCases.TC_006_ShoppingCartTest - Confirmation message is compare to expected message
23:40:24.775 [main] INFO  testCases.TC_006_ShoppingCartTest - clik on cart button
23:40:27.731 [main] INFO  testCases.TC_006_ShoppingCartTest - actual product amount is compare to expected product amount
23:40:29.351 [main] INFO  testCases.TC_006_ShoppingCartTest - actual title is compare to expected title
23:40:29.351 [main] INFO  testCases.TC_006_ShoppingCartTest - *** verifyCheckoutPage Test Case finish ***
23:40:33.052 [main] INFO  testCases.TC_007_CheckoutTest - *** verifyCheckoutPage Test Case Start ***
23:40:33.912 [main] INFO  testCases.TC_007_CheckoutTest - enter email id
23:40:34.025 [main] INFO  testCases.TC_007_CheckoutTest - enter password
23:40:34.483 [main] INFO  testCases.TC_007_CheckoutTest - click on login button
23:40:35.251 [main] INFO  testCases.TC_007_CheckoutTest - Search the product
23:40:35.833 [main] INFO  testCases.TC_007_CheckoutTest - clik on search button
23:40:36.985 [main] INFO  testCases.TC_007_CheckoutTest - clik on searched product
23:40:38.131 [main] INFO  testCases.TC_007_CheckoutTest - Update the cart value
23:40:38.203 [main] INFO  testCases.TC_007_CheckoutTest - clik on Add to cart button
23:40:39.242 [main] INFO  testCases.TC_007_CheckoutTest - Confirmation message is compare to expected message
23:40:41.805 [main] INFO  testCases.TC_007_CheckoutTest - clik on cart button
23:40:44.917 [main] INFO  testCases.TC_007_CheckoutTest - clik on Estimate Shipping & Taxes
23:40:45.473 [main] INFO  testCases.TC_007_CheckoutTest - actual product amount is compare to expected product amount
23:40:46.984 [main] INFO  testCases.TC_007_CheckoutTest - actual title is compare to expected title
23:40:55.109 [main] INFO  testCases.TC_007_CheckoutTest - clik on Continue button checkout pages
23:40:56.653 [main] INFO  testCases.TC_007_CheckoutTest - actual confirm message is compare to expected confirm message
23:40:59.627 [main] INFO  testCases.TC_007_CheckoutTest - clik on Continue button for home page
23:40:59.627 [main] INFO  testCases.TC_007_CheckoutTest - *** verifyCheckoutPage Test Case finish ***
23:41:03.492 [main] INFO  testCases.TC_008_EndToEndTest - *** End To End Test Case start ***
23:41:03.599 [main] INFO  testCases.TC_008_EndToEndTest - click on my account button
23:41:05.539 [main] INFO  testCases.TC_008_EndToEndTest - click on register button
23:41:07.053 [main] INFO  testCases.TC_008_EndToEndTest - Give the personal details
23:41:10.366 [main] INFO  testCases.TC_008_EndToEndTest - click on continue button
23:41:10.418 [main] INFO  testCases.TC_008_EndToEndTest - Successfull registration is verified
23:41:12.331 [main] INFO  testCases.TC_008_EndToEndTest - click on logout button
23:41:12.735 [main] INFO  testCases.TC_008_EndToEndTest - click on login button
23:41:12.937 [main] INFO  testCases.TC_008_EndToEndTest - email add & password is enter
23:41:13.499 [main] INFO  testCases.TC_008_EndToEndTest - click on login button
23:41:15.419 [main] INFO  testCases.TC_008_EndToEndTest - click on home button
23:41:15.502 [main] INFO  testCases.TC_008_EndToEndTest - serch the product
23:41:16.287 [main] INFO  testCases.TC_008_EndToEndTest - click on search button
23:41:18.787 [main] INFO  testCases.TC_008_EndToEndTest - click on the searched product
23:41:18.937 [main] INFO  testCases.TC_008_EndToEndTest - update the cart value
23:41:19.017 [main] INFO  testCases.TC_008_EndToEndTest - click on add to cart button
23:41:20.568 [main] INFO  testCases.TC_008_EndToEndTest - cnf meassage is verify
23:41:22.420 [main] INFO  testCases.TC_008_EndToEndTest - click on view cart button
23:41:25.843 [main] INFO  testCases.TC_008_EndToEndTest - verify the amount in shopping cart page
23:41:27.907 [main] INFO  testCases.TC_008_EndToEndTest - verify the title of the checkout page
23:41:36.825 [main] INFO  testCases.TC_008_EndToEndTest - Enter new address
23:41:37.862 [main] INFO  testCases.TC_008_EndToEndTest - actual confirm message is compare to expected confirm message
23:41:41.281 [main] INFO  testCases.TC_008_EndToEndTest - clik on Continue button for home page
23:41:41.281 [main] INFO  testCases.TC_008_EndToEndTest - *** End To End Test Case finished ***
